<?xml version="1.0" encoding="UTF-8"?>
<!-- Generated by org.testng.reporters.JUnitReportReporter -->
<testsuite hostname="Subham" failures="0" tests="1" name="com.testcase.Login" time="11.382" errors="0" timestamp="2024-10-23T15:15:25 IST" skipped="0">
  <testcase classname="com.testcase.Login" name="loginapp" time="11.382"/>
</testsuite> <!-- com.testcase.Login -->
