<?xml version="1.0" encoding="UTF-8"?>
<!-- Generated by org.testng.reporters.JUnitReportReporter -->
<testsuite hostname="Subham" failures="0" tests="1" name="com.testcase.signup" time="11.694" errors="0" timestamp="2024-10-25T16:43:22 IST" skipped="0">
  <testcase classname="com.testcase.signup" name="signupapp" time="11.694"/>
</testsuite> <!-- com.testcase.signup -->
