<?xml version="1.0" encoding="UTF-8"?>
<!-- Generated by org.testng.reporters.JUnitReportReporter -->
<testsuite hostname="Subham" failures="0" tests="1" name="com.testcase.Login" time="11.635" errors="0" timestamp="2024-10-25T16:42:28 IST" skipped="0">
  <testcase classname="com.testcase.Login" name="loginapp" time="11.635"/>
</testsuite> <!-- com.testcase.Login -->
